2026-06-14T18:25:57Z | WebFetch | https://blog.cloudflare.com/radar-2025-year-in-review/
2026-06-14T18:25:57Z | WebFetch | https://blog.cloudflare.com/radar-2024-year-in-review/
2026-06-14T18:25:57Z | WebFetch | https://almanac.httparchive.org/en/2025/cdn
2026-06-14T18:25:58Z | WebFetch | https://w3techs.com/technologies/details/ce-http3
2026-06-14T18:25:58Z | WebFetch | https://openssl-library.org/post/2025-04-08-openssl-35-final-release/
2026-06-14T18:25:58Z | WebFetch | https://datatracker.ietf.org/doc/draft-ietf-quic-multipath/
2026-06-14T18:25:58Z | WebFetch | https://httptoolkit.com/blog/http3-quic-open-source-support-nowhere/
2026-06-14T18:25:58Z | WebFetch | https://www.debugbear.com/blog/http3-vs-http2-performance
2026-06-14T18:25:58Z | WebFetch | https://www.helpnetsecurity.com/2025/04/09/openssl-3-5-0-released/
2026-06-14T19:06:05Z | WebFetch | https://open-mastr.readthedocs.io/en/latest/advanced/
2026-06-14T19:06:41Z | WebFetch | https://www.marktstammdatenregister.de/MaStRHilfe/subpages/glossar.html
2026-06-14T19:11:15Z | mcp__firecrawl__firecrawl_scrape | https://github.com/marktstammdatenregister-dev/mastr
2026-06-14T19:11:24Z | mcp__firecrawl__firecrawl_scrape | https://www.marktstammdatenregister.de/MaStRHilfe/subpages/datenexport.html
2026-06-14T19:11:26Z | mcp__firecrawl__firecrawl_scrape | https://marktstammdatenregister.dev/
2026-06-14T19:11:27Z | mcp__firecrawl__firecrawl_scrape | https://open-mastr.readthedocs.io/en/latest/getting_started/
2026-06-14T19:11:29Z | WebFetch | https://api.github.com/repos/marktstammdatenregister-dev/mastr
2026-06-14T19:11:37Z | mcp__firecrawl__firecrawl_scrape | https://www.marktstammdatenregister.de/MaStRHilfe/files/gesamtdatenexport/Dokumentation%20MaStR%20Gesamtdatenexport/Dokumentation%20MaStR%20Gesamtdatenexport.pdf
2026-06-14T19:11:39Z | WebFetch | https://api.github.com/repos/marktstammdatenregister-dev/mastr/commits?per_page=1
2026-06-14T19:11:40Z | mcp__firecrawl__firecrawl_scrape | https://www.marktstammdatenregister.de/MaStR/Datendownload
2026-06-14T19:11:48Z | mcp__firecrawl__firecrawl_scrape | https://open-mastr.readthedocs.io/en/latest/advanced/
2026-06-14T19:11:51Z | mcp__firecrawl__firecrawl_scrape | https://open-mastr.readthedocs.io/en/latest/dataset/
2026-06-14T19:11:56Z | WebFetch | https://pypi.org/pypi/open-mastr/json
2026-06-14T19:12:01Z | WebFetch | https://api.github.com/repos/OpenEnergyPlatform/open-MaStR/releases/latest
2026-06-14T19:12:04Z | WebFetch | https://api.github.com/repos/OpenEnergyPlatform/open-MaStR/commits?per_page=1
2026-06-14T19:12:12Z | WebFetch | https://api.github.com/repos/OpenEnergyPlatform/open-MaStR/commits?per_page=1
2026-06-14T19:12:14Z | WebFetch | https://api.github.com/repos/marktstammdatenregister-dev/mastr/commits?per_page=1
2026-06-14T19:12:15Z | WebFetch | https://www.marktstammdatenregister.de/MaStRHilfe/files/gesamtdatenexport/Dokumentation%20MaStR%20Gesamtdatenexport/Dokumentation%20MaStR%20Gesamtdatenexport.pdf
2026-06-14T19:12:31Z | mcp__firecrawl__firecrawl_extract | https://www.marktstammdatenregister.de/MaStRHilfe/files/gesamtdatenexport/Dokumentation%20MaStR%20Gesamtdatenexport/Dokumentation%20MaStR%20Gesamtdatenexport.pdf
2026-06-14T19:12:35Z | mcp__firecrawl__firecrawl_scrape | https://api.github.com/repos/marktstammdatenregister-dev/mastr/commits?per_page=1
2026-06-14T19:15:19Z | mcp__firecrawl__firecrawl_scrape | https://github.com/bundesAPI/deutschland
2026-06-14T19:15:23Z | mcp__firecrawl__firecrawl_scrape | https://github.com/bundesAPI/marktstammdaten-api
2026-06-14T19:15:30Z | mcp__firecrawl__firecrawl_scrape | https://www.marktstammdatenregister.de/MaStRHilfe/files/regHilfen/MaStR-Gesamtkonzept.pdf
2026-06-14T19:15:35Z | mcp__firecrawl__firecrawl_scrape | https://www.marktstammdatenregister.de/MaStRHilfe/files/regHilfen/Registrierungshilfe%20Stromspeicher.pdf
2026-06-14T19:15:36Z | mcp__firecrawl__firecrawl_scrape | https://github.com/bundesAPI/deutschland/tree/main/src/deutschland
2026-06-14T19:15:37Z | WebFetch | https://www.marktstammdatenregister.de/MaStRHilfe/de/Hilfe.html
2026-06-14T19:15:40Z | mcp__firecrawl__firecrawl_scrape | https://github.com/bundesAPI/deutschland/tree/main/docs
2026-06-14T19:15:42Z | mcp__firecrawl__firecrawl_scrape | https://arxiv.org/pdf/2203.06762
2026-06-14T19:15:50Z | mcp__firecrawl__firecrawl_scrape | https://arxiv.org/pdf/2304.10581
2026-06-14T19:15:55Z | mcp__firecrawl__firecrawl_scrape | https://www.marktstammdatenregister.de/MaStRHilfe/subpages/lokation.html
2026-06-14T19:15:57Z | mcp__firecrawl__firecrawl_scrape | https://www.marktstammdatenregister.de/MaStRHilfe/files/newsletter/MaStR-Newsletter%202019_1-7.pdf
2026-06-14T19:16:01Z | mcp__firecrawl__firecrawl_scrape | https://www.green-energy-law.com/?p=1016
2026-06-14T19:16:04Z | mcp__firecrawl__firecrawl_scrape | https://www.verbraucherzentrale.de/wissen/energie/erneuerbare-energien/photovoltaik-was-tun-mit-der-ue20anlage-wenn-die-eegfoerderung-endet-50846
2026-06-14T19:16:06Z | mcp__firecrawl__firecrawl_scrape | https://www.marktstammdatenregister.de/MaStRHilfe/files/konzept/Datendefinition%20Netze%20und%20Lokationen.pdf
2026-06-14T19:16:06Z | WebFetch | https://arxiv.org/pdf/2203.06762
2026-06-14T19:16:10Z | mcp__firecrawl__firecrawl_scrape | https://www.marktstammdatenregister.de/MaStRHilfe/subpages/newsletter.html
2026-06-14T19:16:11Z | WebFetch | https://arxiv.org/pdf/2203.06762
2026-06-14T19:16:17Z | mcp__firecrawl__firecrawl_scrape | https://www.marktstammdatenregister.de/MaStRHilfe/subpages/Newsletter.html
2026-06-14T19:16:19Z | mcp__firecrawl__firecrawl_scrape | https://www.marktstammdatenregister.de/MaStRHilfe/subpages/faq.html
2026-06-14T19:16:21Z | mcp__firecrawl__firecrawl_scrape | https://www.marktstammdatenregister.de/MaStRHilfe/index.html
2026-06-14T19:16:28Z | mcp__firecrawl__firecrawl_scrape | https://arxiv.org/pdf/2304.10581
2026-06-14T19:16:32Z | mcp__firecrawl__firecrawl_scrape | https://www.marktstammdatenregister.de/MaStRHilfe/subpages/verwaltungEinheitBetreiberwechsel.html
2026-06-14T19:16:37Z | mcp__firecrawl__firecrawl_scrape | https://www.marktstammdatenregister.de/MaStRHilfe/subpages/verwaltungEinheitDatenaenderung.html
2026-06-14T19:16:38Z | mcp__firecrawl__firecrawl_scrape | https://arxiv.org/pdf/2304.10581
2026-06-14T19:16:43Z | mcp__firecrawl__firecrawl_scrape | https://www.verbraucherzentrale.de/wissen/energie/erneuerbare-energien/photovoltaik-was-tun-mit-der-ue20anlage-wenn-die-eegfoerderung-endet-50846
2026-06-14T19:16:45Z | mcp__firecrawl__firecrawl_scrape | https://arxiv.org/pdf/2304.10581
2026-06-14T19:16:46Z | mcp__firecrawl__firecrawl_scrape | https://www.verbraucherzentrale.de/wissen/energie/erneuerbare-energien/photovoltaik-was-tun-mit-der-ue20anlage-wenn-die-eegfoerderung-endet-50846
2026-06-14T19:16:59Z | mcp__firecrawl__firecrawl_scrape | https://arxiv.org/pdf/2304.10581
2026-06-14T19:16:59Z | mcp__firecrawl__firecrawl_extract | https://www.marktstammdatenregister.de/MaStRHilfe/subpages/faq.html
2026-06-14T19:17:01Z | mcp__firecrawl__firecrawl_scrape | https://web.archive.org/web/2id_/https://www.marktstammdatenregister.de/MaStRHilfe/files/newsletter/MaStR-Newsletter%202019_1-7.pdf
2026-06-14T19:17:03Z | mcp__firecrawl__firecrawl_scrape | https://arxiv.org/pdf/2304.10581
2026-06-14T19:17:05Z | mcp__firecrawl__firecrawl_scrape | https://www.marktstammdatenregister.de/MaStRHilfe/files/regHilfen/Registrierung%20Stromspeicher%20mit%20Solaranlage.pdf
2026-06-14T19:17:06Z | mcp__firecrawl__firecrawl_scrape | http://archive.org/wayback/available?url=marktstammdatenregister.de/MaStRHilfe/files/newsletter/MaStR-Newsletter%202019_1-7.pdf
2026-06-14T19:17:15Z | mcp__firecrawl__firecrawl_scrape | https://arxiv.org/pdf/2304.10581
2026-06-14T19:17:16Z | mcp__firecrawl__firecrawl_scrape | http://web.archive.org/web/20241127233330/https://www.marktstammdatenregister.de/MaStRHilfe/files/newsletter/MaStR-Newsletter%202019_1-7.pdf
2026-06-14T19:17:18Z | mcp__firecrawl__firecrawl_scrape | https://arxiv.org/pdf/2304.10581
2026-06-14T19:17:58Z | mcp__firecrawl__firecrawl_scrape | http://web.archive.org/web/20241127233330/https://www.marktstammdatenregister.de/MaStRHilfe/files/newsletter/MaStR-Newsletter%202019_1-7.pdf
2026-06-14T19:18:05Z | mcp__firecrawl__firecrawl_extract | https://www.verbraucherzentrale.de/wissen/energie/erneuerbare-energien/photovoltaik-was-tun-mit-der-ue20anlage-wenn-die-eegfoerderung-endet-50846
2026-06-14T19:18:28Z | mcp__firecrawl__firecrawl_scrape | https://www.verbraucherzentrale.de/wissen/energie/erneuerbare-energien/photovoltaik-was-tun-mit-der-ue20anlage-wenn-die-eegfoerderung-endet-50846
2026-06-14T19:18:42Z | mcp__firecrawl__firecrawl_scrape | https://www.verbraucherzentrale.de/wissen/energie/erneuerbare-energien/photovoltaik-was-tun-mit-der-ue20anlage-wenn-die-eegfoerderung-endet-50846
2026-06-14T19:19:02Z | mcp__firecrawl__firecrawl_scrape | https://www.verbraucherzentrale.de/wissen/energie/erneuerbare-energien/photovoltaik-was-tun-mit-der-ue20anlage-wenn-die-eegfoerderung-endet-50846
2026-06-14T19:19:13Z | mcp__firecrawl__firecrawl_scrape | https://www.verbraucherzentrale.de/wissen/energie/erneuerbare-energien/photovoltaik-was-tun-mit-der-ue20anlage-wenn-die-eegfoerderung-endet-50846
2026-06-14T19:19:31Z | WebFetch | https://www.verbraucherzentrale.de/wissen/energie/erneuerbare-energien/photovoltaik-was-tun-mit-der-ue20anlage-wenn-die-eegfoerderung-endet-50846
2026-06-14T19:26:58Z | WebFetch | https://pypi.org/pypi/open-mastr/json
2026-06-14T19:27:00Z | WebFetch | https://api.github.com/repos/OpenEnergyPlatform/open-MaStR/commits?per_page=1
2026-06-14T19:27:03Z | WebFetch | https://api.github.com/repos/marktstammdatenregister-dev/mastr/commits?per_page=1
2026-06-14T19:27:03Z | WebFetch | https://api.github.com/repos/bundesAPI/marktstammdaten-api/commits?per_page=1
2026-06-14T19:27:04Z | WebFetch | https://www.marktstammdatenregister.de/MaStRHilfe/subpages/datenexport.html
2026-06-14T19:27:19Z | WebFetch | https://www.marktstammdatenregister.de/MaStR/Datendownload
2026-06-14T19:27:20Z | WebFetch | https://api.github.com/repos/OpenEnergyPlatform/open-MaStR
2026-06-14T19:27:20Z | WebFetch | https://open-mastr.readthedocs.io/en/latest/getting_started.html
2026-06-14T19:27:22Z | WebFetch | https://github.com/bundesAPI/deutschland
2026-06-14T19:27:41Z | WebFetch | https://www.marktstammdatenregister.de/MaStRHilfe/files/gesamtdatenexport/Dokumentation%20MaStR%20Gesamtdatenexport/Dokumentation%20MaStR%20Gesamtdatenexport.pdf
2026-06-14T19:28:05Z | WebFetch | https://open-mastr.readthedocs.io/en/latest/
2026-06-14T19:28:17Z | WebFetch | https://raw.githubusercontent.com/marktstammdatenregister-dev/mastr/main/spec/Gesamtdatenexport.csv
2026-06-14T19:30:04Z | WebFetch | https://arxiv.org/pdf/2304.10581
2026-06-14T19:30:06Z | WebFetch | https://arxiv.org/pdf/2203.06762
2026-06-14T19:30:08Z | WebFetch | https://www.verbraucherzentrale.de/wissen/energie/erneuerbare-energien/photovoltaik-was-tun-mit-der-ue20anlage-wenn-die-eegfoerderung-endet-50846
2026-06-14T19:30:58Z | WebFetch | https://www.green-energy-law.com/?p=1016
2026-06-14T19:30:59Z | WebFetch | https://open-mastr.readthedocs.io/en/latest/advanced.html
2026-06-14T19:31:07Z | WebFetch | https://github.com/bundesAPI/marktstammdaten-api
2026-06-14T19:31:26Z | WebFetch | https://raw.githubusercontent.com/bundesAPI/marktstammdaten-api/main/openapi.yaml
2026-06-14T19:31:27Z | WebFetch | https://raw.githubusercontent.com/OpenEnergyPlatform/open-MaStR/develop/README.rst
2026-06-14T19:31:52Z | WebFetch | https://raw.githubusercontent.com/bundesAPI/marktstammdaten-api/main/openapi.yaml
2026-06-14T19:32:21Z | WebFetch | https://pypi.org/pypi/open-mastr/json
2026-06-14T19:32:26Z | WebFetch | https://open-mastr.readthedocs.io/en/latest/advanced/
